<?xml version="1.0" encoding="UTF-8"?>
<testsuite xmlns:xsi="http://www.w3.org/2001/XMLSchema-instance" xsi:noNamespaceSchemaLocation="https://maven.apache.org/surefire/maven-surefire-plugin/xsd/surefire-test-report.xsd" name="org.javabody.formlogin.FormLoginApplicationTests" time="3.298" tests="1" errors="0" skipped="0" failures="0">
  <properties>
    <property name="sun.desktop" value="windows"/>
    <property name="awt.toolkit" value="sun.awt.windows.WToolkit"/>
    <property name="file.encoding.pkg" value="sun.io"/>
    <property name="java.specification.version" value="1.8"/>
    <property name="sun.cpu.isalist" value="amd64"/>
    <property name="sun.jnu.encoding" value="GBK"/>
    <property name="java.class.path" value="C:\Users\shu&apos;wei\form-login\target\test-classes;C:\Users\shu&apos;wei\form-login\target\classes;D:\repo\org\springframework\boot\spring-boot-starter-security\2.5.2\spring-boot-starter-security-2.5.2.jar;D:\repo\org\springframework\boot\spring-boot-starter\2.5.2\spring-boot-starter-2.5.2.jar;D:\repo\org\springframework\boot\spring-boot\2.5.2\spring-boot-2.5.2.jar;D:\repo\org\springframework\boot\spring-boot-autoconfigure\2.5.2\spring-boot-autoconfigure-2.5.2.jar;D:\repo\org\springframework\boot\spring-boot-starter-logging\2.5.2\spring-boot-starter-logging-2.5.2.jar;D:\repo\ch\qos\logback\logback-classic\1.2.3\logback-classic-1.2.3.jar;D:\repo\ch\qos\logback\logback-core\1.2.3\logback-core-1.2.3.jar;D:\repo\org\apache\logging\log4j\log4j-to-slf4j\2.14.1\log4j-to-slf4j-2.14.1.jar;D:\repo\org\apache\logging\log4j\log4j-api\2.14.1\log4j-api-2.14.1.jar;D:\repo\org\slf4j\jul-to-slf4j\1.7.31\jul-to-slf4j-1.7.31.jar;D:\repo\jakarta\annotation\jakarta.annotation-api\1.3.5\jakarta.annotation-api-1.3.5.jar;D:\repo\org\yaml\snakeyaml\1.28\snakeyaml-1.28.jar;D:\repo\org\springframework\spring-aop\5.3.8\spring-aop-5.3.8.jar;D:\repo\org\springframework\spring-beans\5.3.8\spring-beans-5.3.8.jar;D:\repo\org\springframework\security\spring-security-config\5.5.1\spring-security-config-5.5.1.jar;D:\repo\org\springframework\spring-context\5.3.8\spring-context-5.3.8.jar;D:\repo\org\springframework\security\spring-security-web\5.5.1\spring-security-web-5.5.1.jar;D:\repo\org\springframework\spring-expression\5.3.8\spring-expression-5.3.8.jar;D:\repo\org\springframework\boot\spring-boot-starter-web\2.5.2\spring-boot-starter-web-2.5.2.jar;D:\repo\org\springframework\boot\spring-boot-starter-json\2.5.2\spring-boot-starter-json-2.5.2.jar;D:\repo\com\fasterxml\jackson\core\jackson-databind\2.12.3\jackson-databind-2.12.3.jar;D:\repo\com\fasterxml\jackson\core\jackson-annotations\2.12.3\jackson-annotations-2.12.3.jar;D:\repo\com\fasterxml\jackson\core\jackson-core\2.12.3\jackson-core-2.12.3.jar;D:\repo\com\fasterxml\jackson\datatype\jackson-datatype-jdk8\2.12.3\jackson-datatype-jdk8-2.12.3.jar;D:\repo\com\fasterxml\jackson\datatype\jackson-datatype-jsr310\2.12.3\jackson-datatype-jsr310-2.12.3.jar;D:\repo\com\fasterxml\jackson\module\jackson-module-parameter-names\2.12.3\jackson-module-parameter-names-2.12.3.jar;D:\repo\org\springframework\boot\spring-boot-starter-tomcat\2.5.2\spring-boot-starter-tomcat-2.5.2.jar;D:\repo\org\apache\tomcat\embed\tomcat-embed-core\9.0.48\tomcat-embed-core-9.0.48.jar;D:\repo\org\apache\tomcat\embed\tomcat-embed-el\9.0.48\tomcat-embed-el-9.0.48.jar;D:\repo\org\apache\tomcat\embed\tomcat-embed-websocket\9.0.48\tomcat-embed-websocket-9.0.48.jar;D:\repo\org\springframework\spring-web\5.3.8\spring-web-5.3.8.jar;D:\repo\org\springframework\spring-webmvc\5.3.8\spring-webmvc-5.3.8.jar;D:\repo\org\springframework\boot\spring-boot-starter-data-jpa\2.5.2\spring-boot-starter-data-jpa-2.5.2.jar;D:\repo\org\springframework\boot\spring-boot-starter-aop\2.5.2\spring-boot-starter-aop-2.5.2.jar;D:\repo\org\aspectj\aspectjweaver\1.9.6\aspectjweaver-1.9.6.jar;D:\repo\org\springframework\boot\spring-boot-starter-jdbc\2.5.2\spring-boot-starter-jdbc-2.5.2.jar;D:\repo\com\zaxxer\HikariCP\4.0.3\HikariCP-4.0.3.jar;D:\repo\org\springframework\spring-jdbc\5.3.8\spring-jdbc-5.3.8.jar;D:\repo\jakarta\transaction\jakarta.transaction-api\1.3.3\jakarta.transaction-api-1.3.3.jar;D:\repo\jakarta\persistence\jakarta.persistence-api\2.2.3\jakarta.persistence-api-2.2.3.jar;D:\repo\org\hibernate\hibernate-core\5.4.32.Final\hibernate-core-5.4.32.Final.jar;D:\repo\org\jboss\logging\jboss-logging\3.4.2.Final\jboss-logging-3.4.2.Final.jar;D:\repo\org\javassist\javassist\3.27.0-GA\javassist-3.27.0-GA.jar;D:\repo\net\bytebuddy\byte-buddy\1.10.22\byte-buddy-1.10.22.jar;D:\repo\antlr\antlr\2.7.7\antlr-2.7.7.jar;D:\repo\org\jboss\jandex\2.2.3.Final\jandex-2.2.3.Final.jar;D:\repo\com\fasterxml\classmate\1.5.1\classmate-1.5.1.jar;D:\repo\org\dom4j\dom4j\2.1.3\dom4j-2.1.3.jar;D:\repo\org\hibernate\common\hibernate-commons-annotations\5.1.2.Final\hibernate-commons-annotations-5.1.2.Final.jar;D:\repo\org\glassfish\jaxb\jaxb-runtime\2.3.4\jaxb-runtime-2.3.4.jar;D:\repo\org\glassfish\jaxb\txw2\2.3.4\txw2-2.3.4.jar;D:\repo\com\sun\istack\istack-commons-runtime\3.0.12\istack-commons-runtime-3.0.12.jar;D:\repo\com\sun\activation\jakarta.activation\1.2.2\jakarta.activation-1.2.2.jar;D:\repo\org\springframework\data\spring-data-jpa\2.5.2\spring-data-jpa-2.5.2.jar;D:\repo\org\springframework\data\spring-data-commons\2.5.2\spring-data-commons-2.5.2.jar;D:\repo\org\springframework\spring-orm\5.3.8\spring-orm-5.3.8.jar;D:\repo\org\springframework\spring-tx\5.3.8\spring-tx-5.3.8.jar;D:\repo\org\slf4j\slf4j-api\1.7.31\slf4j-api-1.7.31.jar;D:\repo\org\springframework\spring-aspects\5.3.8\spring-aspects-5.3.8.jar;D:\repo\mysql\mysql-connector-java\8.0.25\mysql-connector-java-8.0.25.jar;D:\repo\org\springframework\boot\spring-boot-starter-test\2.5.2\spring-boot-starter-test-2.5.2.jar;D:\repo\org\springframework\boot\spring-boot-test\2.5.2\spring-boot-test-2.5.2.jar;D:\repo\org\springframework\boot\spring-boot-test-autoconfigure\2.5.2\spring-boot-test-autoconfigure-2.5.2.jar;D:\repo\com\jayway\jsonpath\json-path\2.5.0\json-path-2.5.0.jar;D:\repo\net\minidev\json-smart\2.4.7\json-smart-2.4.7.jar;D:\repo\net\minidev\accessors-smart\2.4.7\accessors-smart-2.4.7.jar;D:\repo\org\ow2\asm\asm\9.1\asm-9.1.jar;D:\repo\jakarta\xml\bind\jakarta.xml.bind-api\2.3.3\jakarta.xml.bind-api-2.3.3.jar;D:\repo\jakarta\activation\jakarta.activation-api\1.2.2\jakarta.activation-api-1.2.2.jar;D:\repo\org\assertj\assertj-core\3.19.0\assertj-core-3.19.0.jar;D:\repo\org\hamcrest\hamcrest\2.2\hamcrest-2.2.jar;D:\repo\org\junit\jupiter\junit-jupiter\5.7.2\junit-jupiter-5.7.2.jar;D:\repo\org\junit\jupiter\junit-jupiter-api\5.7.2\junit-jupiter-api-5.7.2.jar;D:\repo\org\apiguardian\apiguardian-api\1.1.0\apiguardian-api-1.1.0.jar;D:\repo\org\opentest4j\opentest4j\1.2.0\opentest4j-1.2.0.jar;D:\repo\org\junit\platform\junit-platform-commons\1.7.2\junit-platform-commons-1.7.2.jar;D:\repo\org\junit\jupiter\junit-jupiter-params\5.7.2\junit-jupiter-params-5.7.2.jar;D:\repo\org\junit\jupiter\junit-jupiter-engine\5.7.2\junit-jupiter-engine-5.7.2.jar;D:\repo\org\junit\platform\junit-platform-engine\1.7.2\junit-platform-engine-1.7.2.jar;D:\repo\org\mockito\mockito-core\3.9.0\mockito-core-3.9.0.jar;D:\repo\net\bytebuddy\byte-buddy-agent\1.10.22\byte-buddy-agent-1.10.22.jar;D:\repo\org\objenesis\objenesis\3.2\objenesis-3.2.jar;D:\repo\org\mockito\mockito-junit-jupiter\3.9.0\mockito-junit-jupiter-3.9.0.jar;D:\repo\org\skyscreamer\jsonassert\1.5.0\jsonassert-1.5.0.jar;D:\repo\com\vaadin\external\google\android-json\0.0.20131108.vaadin1\android-json-0.0.20131108.vaadin1.jar;D:\repo\org\springframework\spring-core\5.3.8\spring-core-5.3.8.jar;D:\repo\org\springframework\spring-jcl\5.3.8\spring-jcl-5.3.8.jar;D:\repo\org\springframework\spring-test\5.3.8\spring-test-5.3.8.jar;D:\repo\org\xmlunit\xmlunit-core\2.8.2\xmlunit-core-2.8.2.jar;D:\repo\org\springframework\security\spring-security-test\5.5.1\spring-security-test-5.5.1.jar;D:\repo\org\springframework\security\spring-security-core\5.5.1\spring-security-core-5.5.1.jar;D:\repo\org\springframework\security\spring-security-crypto\5.5.1\spring-security-crypto-5.5.1.jar;D:\repo\com\github\penggle\kaptcha\2.3.2\kaptcha-2.3.2.jar;D:\repo\javax\servlet\javax.servlet-api\4.0.1\javax.servlet-api-4.0.1.jar;D:\repo\com\jhlabs\filters\2.0.235-1\filters-2.0.235-1.jar;"/>
    <property name="java.vm.vendor" value="Oracle Corporation"/>
    <property name="sun.arch.data.model" value="64"/>
    <property name="user.variant" value=""/>
    <property name="java.vendor.url" value="http://java.oracle.com/"/>
    <property name="user.timezone" value="Asia/Shanghai"/>
    <property name="java.vm.specification.version" value="1.8"/>
    <property name="os.name" value="Windows 10"/>
    <property name="user.country" value="CN"/>
    <property name="sun.java.launcher" value="SUN_STANDARD"/>
    <property name="sun.boot.library.path" value="C:\Program Files\Java\jdk1.8.0_281\jre\bin"/>
    <property name="sun.java.command" value="C:\Users\shu&apos;wei\AppData\Local\Temp\surefire6150890591024946859\surefirebooter398354262978529377.jar C:\Users\shu&apos;wei\AppData\Local\Temp\surefire6150890591024946859 2022-06-13T16-59-22_687-jvmRun1 surefire1811844593165350310tmp surefire_03310413495580582023tmp"/>
    <property name="surefire.test.class.path" value="C:\Users\shu&apos;wei\form-login\target\test-classes;C:\Users\shu&apos;wei\form-login\target\classes;D:\repo\org\springframework\boot\spring-boot-starter-security\2.5.2\spring-boot-starter-security-2.5.2.jar;D:\repo\org\springframework\boot\spring-boot-starter\2.5.2\spring-boot-starter-2.5.2.jar;D:\repo\org\springframework\boot\spring-boot\2.5.2\spring-boot-2.5.2.jar;D:\repo\org\springframework\boot\spring-boot-autoconfigure\2.5.2\spring-boot-autoconfigure-2.5.2.jar;D:\repo\org\springframework\boot\spring-boot-starter-logging\2.5.2\spring-boot-starter-logging-2.5.2.jar;D:\repo\ch\qos\logback\logback-classic\1.2.3\logback-classic-1.2.3.jar;D:\repo\ch\qos\logback\logback-core\1.2.3\logback-core-1.2.3.jar;D:\repo\org\apache\logging\log4j\log4j-to-slf4j\2.14.1\log4j-to-slf4j-2.14.1.jar;D:\repo\org\apache\logging\log4j\log4j-api\2.14.1\log4j-api-2.14.1.jar;D:\repo\org\slf4j\jul-to-slf4j\1.7.31\jul-to-slf4j-1.7.31.jar;D:\repo\jakarta\annotation\jakarta.annotation-api\1.3.5\jakarta.annotation-api-1.3.5.jar;D:\repo\org\yaml\snakeyaml\1.28\snakeyaml-1.28.jar;D:\repo\org\springframework\spring-aop\5.3.8\spring-aop-5.3.8.jar;D:\repo\org\springframework\spring-beans\5.3.8\spring-beans-5.3.8.jar;D:\repo\org\springframework\security\spring-security-config\5.5.1\spring-security-config-5.5.1.jar;D:\repo\org\springframework\spring-context\5.3.8\spring-context-5.3.8.jar;D:\repo\org\springframework\security\spring-security-web\5.5.1\spring-security-web-5.5.1.jar;D:\repo\org\springframework\spring-expression\5.3.8\spring-expression-5.3.8.jar;D:\repo\org\springframework\boot\spring-boot-starter-web\2.5.2\spring-boot-starter-web-2.5.2.jar;D:\repo\org\springframework\boot\spring-boot-starter-json\2.5.2\spring-boot-starter-json-2.5.2.jar;D:\repo\com\fasterxml\jackson\core\jackson-databind\2.12.3\jackson-databind-2.12.3.jar;D:\repo\com\fasterxml\jackson\core\jackson-annotations\2.12.3\jackson-annotations-2.12.3.jar;D:\repo\com\fasterxml\jackson\core\jackson-core\2.12.3\jackson-core-2.12.3.jar;D:\repo\com\fasterxml\jackson\datatype\jackson-datatype-jdk8\2.12.3\jackson-datatype-jdk8-2.12.3.jar;D:\repo\com\fasterxml\jackson\datatype\jackson-datatype-jsr310\2.12.3\jackson-datatype-jsr310-2.12.3.jar;D:\repo\com\fasterxml\jackson\module\jackson-module-parameter-names\2.12.3\jackson-module-parameter-names-2.12.3.jar;D:\repo\org\springframework\boot\spring-boot-starter-tomcat\2.5.2\spring-boot-starter-tomcat-2.5.2.jar;D:\repo\org\apache\tomcat\embed\tomcat-embed-core\9.0.48\tomcat-embed-core-9.0.48.jar;D:\repo\org\apache\tomcat\embed\tomcat-embed-el\9.0.48\tomcat-embed-el-9.0.48.jar;D:\repo\org\apache\tomcat\embed\tomcat-embed-websocket\9.0.48\tomcat-embed-websocket-9.0.48.jar;D:\repo\org\springframework\spring-web\5.3.8\spring-web-5.3.8.jar;D:\repo\org\springframework\spring-webmvc\5.3.8\spring-webmvc-5.3.8.jar;D:\repo\org\springframework\boot\spring-boot-starter-data-jpa\2.5.2\spring-boot-starter-data-jpa-2.5.2.jar;D:\repo\org\springframework\boot\spring-boot-starter-aop\2.5.2\spring-boot-starter-aop-2.5.2.jar;D:\repo\org\aspectj\aspectjweaver\1.9.6\aspectjweaver-1.9.6.jar;D:\repo\org\springframework\boot\spring-boot-starter-jdbc\2.5.2\spring-boot-starter-jdbc-2.5.2.jar;D:\repo\com\zaxxer\HikariCP\4.0.3\HikariCP-4.0.3.jar;D:\repo\org\springframework\spring-jdbc\5.3.8\spring-jdbc-5.3.8.jar;D:\repo\jakarta\transaction\jakarta.transaction-api\1.3.3\jakarta.transaction-api-1.3.3.jar;D:\repo\jakarta\persistence\jakarta.persistence-api\2.2.3\jakarta.persistence-api-2.2.3.jar;D:\repo\org\hibernate\hibernate-core\5.4.32.Final\hibernate-core-5.4.32.Final.jar;D:\repo\org\jboss\logging\jboss-logging\3.4.2.Final\jboss-logging-3.4.2.Final.jar;D:\repo\org\javassist\javassist\3.27.0-GA\javassist-3.27.0-GA.jar;D:\repo\net\bytebuddy\byte-buddy\1.10.22\byte-buddy-1.10.22.jar;D:\repo\antlr\antlr\2.7.7\antlr-2.7.7.jar;D:\repo\org\jboss\jandex\2.2.3.Final\jandex-2.2.3.Final.jar;D:\repo\com\fasterxml\classmate\1.5.1\classmate-1.5.1.jar;D:\repo\org\dom4j\dom4j\2.1.3\dom4j-2.1.3.jar;D:\repo\org\hibernate\common\hibernate-commons-annotations\5.1.2.Final\hibernate-commons-annotations-5.1.2.Final.jar;D:\repo\org\glassfish\jaxb\jaxb-runtime\2.3.4\jaxb-runtime-2.3.4.jar;D:\repo\org\glassfish\jaxb\txw2\2.3.4\txw2-2.3.4.jar;D:\repo\com\sun\istack\istack-commons-runtime\3.0.12\istack-commons-runtime-3.0.12.jar;D:\repo\com\sun\activation\jakarta.activation\1.2.2\jakarta.activation-1.2.2.jar;D:\repo\org\springframework\data\spring-data-jpa\2.5.2\spring-data-jpa-2.5.2.jar;D:\repo\org\springframework\data\spring-data-commons\2.5.2\spring-data-commons-2.5.2.jar;D:\repo\org\springframework\spring-orm\5.3.8\spring-orm-5.3.8.jar;D:\repo\org\springframework\spring-tx\5.3.8\spring-tx-5.3.8.jar;D:\repo\org\slf4j\slf4j-api\1.7.31\slf4j-api-1.7.31.jar;D:\repo\org\springframework\spring-aspects\5.3.8\spring-aspects-5.3.8.jar;D:\repo\mysql\mysql-connector-java\8.0.25\mysql-connector-java-8.0.25.jar;D:\repo\org\springframework\boot\spring-boot-starter-test\2.5.2\spring-boot-starter-test-2.5.2.jar;D:\repo\org\springframework\boot\spring-boot-test\2.5.2\spring-boot-test-2.5.2.jar;D:\repo\org\springframework\boot\spring-boot-test-autoconfigure\2.5.2\spring-boot-test-autoconfigure-2.5.2.jar;D:\repo\com\jayway\jsonpath\json-path\2.5.0\json-path-2.5.0.jar;D:\repo\net\minidev\json-smart\2.4.7\json-smart-2.4.7.jar;D:\repo\net\minidev\accessors-smart\2.4.7\accessors-smart-2.4.7.jar;D:\repo\org\ow2\asm\asm\9.1\asm-9.1.jar;D:\repo\jakarta\xml\bind\jakarta.xml.bind-api\2.3.3\jakarta.xml.bind-api-2.3.3.jar;D:\repo\jakarta\activation\jakarta.activation-api\1.2.2\jakarta.activation-api-1.2.2.jar;D:\repo\org\assertj\assertj-core\3.19.0\assertj-core-3.19.0.jar;D:\repo\org\hamcrest\hamcrest\2.2\hamcrest-2.2.jar;D:\repo\org\junit\jupiter\junit-jupiter\5.7.2\junit-jupiter-5.7.2.jar;D:\repo\org\junit\jupiter\junit-jupiter-api\5.7.2\junit-jupiter-api-5.7.2.jar;D:\repo\org\apiguardian\apiguardian-api\1.1.0\apiguardian-api-1.1.0.jar;D:\repo\org\opentest4j\opentest4j\1.2.0\opentest4j-1.2.0.jar;D:\repo\org\junit\platform\junit-platform-commons\1.7.2\junit-platform-commons-1.7.2.jar;D:\repo\org\junit\jupiter\junit-jupiter-params\5.7.2\junit-jupiter-params-5.7.2.jar;D:\repo\org\junit\jupiter\junit-jupiter-engine\5.7.2\junit-jupiter-engine-5.7.2.jar;D:\repo\org\junit\platform\junit-platform-engine\1.7.2\junit-platform-engine-1.7.2.jar;D:\repo\org\mockito\mockito-core\3.9.0\mockito-core-3.9.0.jar;D:\repo\net\bytebuddy\byte-buddy-agent\1.10.22\byte-buddy-agent-1.10.22.jar;D:\repo\org\objenesis\objenesis\3.2\objenesis-3.2.jar;D:\repo\org\mockito\mockito-junit-jupiter\3.9.0\mockito-junit-jupiter-3.9.0.jar;D:\repo\org\skyscreamer\jsonassert\1.5.0\jsonassert-1.5.0.jar;D:\repo\com\vaadin\external\google\android-json\0.0.20131108.vaadin1\android-json-0.0.20131108.vaadin1.jar;D:\repo\org\springframework\spring-core\5.3.8\spring-core-5.3.8.jar;D:\repo\org\springframework\spring-jcl\5.3.8\spring-jcl-5.3.8.jar;D:\repo\org\springframework\spring-test\5.3.8\spring-test-5.3.8.jar;D:\repo\org\xmlunit\xmlunit-core\2.8.2\xmlunit-core-2.8.2.jar;D:\repo\org\springframework\security\spring-security-test\5.5.1\spring-security-test-5.5.1.jar;D:\repo\org\springframework\security\spring-security-core\5.5.1\spring-security-core-5.5.1.jar;D:\repo\org\springframework\security\spring-security-crypto\5.5.1\spring-security-crypto-5.5.1.jar;D:\repo\com\github\penggle\kaptcha\2.3.2\kaptcha-2.3.2.jar;D:\repo\javax\servlet\javax.servlet-api\4.0.1\javax.servlet-api-4.0.1.jar;D:\repo\com\jhlabs\filters\2.0.235-1\filters-2.0.235-1.jar;"/>
    <property name="sun.cpu.endian" value="little"/>
    <property name="user.home" value="C:\Users\shu&apos;wei"/>
    <property name="user.language" value="zh"/>
    <property name="java.specification.vendor" value="Oracle Corporation"/>
    <property name="java.home" value="C:\Program Files\Java\jdk1.8.0_281\jre"/>
    <property name="basedir" value="C:\Users\shu&apos;wei\form-login"/>
    <property name="file.separator" value="\"/>
    <property name="line.separator" value="&#10;"/>
    <property name="java.vm.specification.vendor" value="Oracle Corporation"/>
    <property name="java.specification.name" value="Java Platform API Specification"/>
    <property name="java.awt.graphicsenv" value="sun.awt.Win32GraphicsEnvironment"/>
    <property name="surefire.real.class.path" value="C:\Users\shu&apos;wei\AppData\Local\Temp\surefire6150890591024946859\surefirebooter398354262978529377.jar"/>
    <property name="sun.boot.class.path" value="C:\Program Files\Java\jdk1.8.0_281\jre\lib\resources.jar;C:\Program Files\Java\jdk1.8.0_281\jre\lib\rt.jar;C:\Program Files\Java\jdk1.8.0_281\jre\lib\sunrsasign.jar;C:\Program Files\Java\jdk1.8.0_281\jre\lib\jsse.jar;C:\Program Files\Java\jdk1.8.0_281\jre\lib\jce.jar;C:\Program Files\Java\jdk1.8.0_281\jre\lib\charsets.jar;C:\Program Files\Java\jdk1.8.0_281\jre\lib\jfr.jar;C:\Program Files\Java\jdk1.8.0_281\jre\classes"/>
    <property name="user.script" value=""/>
    <property name="sun.management.compiler" value="HotSpot 64-Bit Tiered Compilers"/>
    <property name="java.runtime.version" value="1.8.0_281-b09"/>
    <property name="user.name" value="shu&apos;wei"/>
    <property name="path.separator" value=";"/>
    <property name="os.version" value="10.0"/>
    <property name="java.endorsed.dirs" value="C:\Program Files\Java\jdk1.8.0_281\jre\lib\endorsed"/>
    <property name="java.runtime.name" value="Java(TM) SE Runtime Environment"/>
    <property name="file.encoding" value="GBK"/>
    <property name="java.vm.name" value="Java HotSpot(TM) 64-Bit Server VM"/>
    <property name="localRepository" value="D:\repo"/>
    <property name="java.vendor.url.bug" value="http://bugreport.sun.com/bugreport/"/>
    <property name="java.io.tmpdir" value="C:\Users\shu&apos;wei\AppData\Local\Temp\"/>
    <property name="idea.version" value="2020.3.3"/>
    <property name="java.version" value="1.8.0_281"/>
    <property name="user.dir" value="C:\Users\shu&apos;wei\form-login"/>
    <property name="os.arch" value="amd64"/>
    <property name="java.vm.specification.name" value="Java Virtual Machine Specification"/>
    <property name="java.awt.printerjob" value="sun.awt.windows.WPrinterJob"/>
    <property name="sun.os.patch.level" value=""/>
    <property name="java.library.path" value="C:\Program Files\Java\jdk1.8.0_281\jre\bin;C:\Windows\Sun\Java\bin;C:\Windows\system32;C:\Windows;D:\vmwareData\bin\;C:\Program Files (x86)\Common Files\Oracle\Java\javapath;C:\Windows\system32;C:\Windows;C:\Windows\System32\Wbem;C:\Windows\System32\WindowsPowerShell\v1.0\;C:\Windows\System32\OpenSSH\;C:\Program Files\Java\jdk1.8.0_281\bin;C:\Program Files\Java\jdk1.8.0_281\jre\bin;C:\Program Files\MySQL\MySQL Server 8.0\bin;D:\apache-maven-3.6.3\bin;C:\Program Files\Git\cmd;C:\Program Files\Git\bin;C:\Program Files\Git\mingw64\libexec\git-core;C:\Program Files\Git\mingw64\bin;C:\Program Files\TortoiseSVN\bin;C:\Program Files (x86)\PuTTY\;D:\apache-zookeeper-3.5.9\bin;C:\Program Files\MySQL\MySQL Shell 8.0\bin\;C:\Users\shu&apos;wei\AppData\Local\Microsoft\WindowsApps;;."/>
    <property name="java.vm.info" value="mixed mode"/>
    <property name="java.vendor" value="Oracle Corporation"/>
    <property name="java.vm.version" value="25.281-b09"/>
    <property name="java.ext.dirs" value="C:\Program Files\Java\jdk1.8.0_281\jre\lib\ext;C:\Windows\Sun\Java\lib\ext"/>
    <property name="sun.io.unicode.encoding" value="UnicodeLittle"/>
    <property name="maven.repo.local" value="D:\repo"/>
    <property name="java.class.version" value="52.0"/>
  </properties>
  <testcase name="contextLoads" classname="org.javabody.formlogin.FormLoginApplicationTests" time="0.162"/>
</testsuite>